<?xml version="1.0" encoding="UTF-8"?>
<!-- Generated by org.testng.reporters.JUnitReportReporter -->
<testsuite hostname="MacBook-Air-de-Luis.local" failures="0" tests="1" name="pe.edu.galaxy.parameters.ParametersWithOutTestNGXML" time="3.373" errors="0" timestamp="2020-10-08T23:21:40 PET" skipped="0">
  <testcase classname="pe.edu.galaxy.parameters.ParametersWithOutTestNGXML" name="google_search" time="3.373"/>
  <system-out/>
</testsuite> <!-- pe.edu.galaxy.parameters.ParametersWithOutTestNGXML -->
