<?xml version="1.0" encoding="UTF-8"?>
<!-- Generated by org.testng.reporters.JUnitReportReporter -->
<testsuite hostname="MacBook-Air-de-Luis.local" failures="0" tests="1" name="pe.edu.galaxy.parameters.ParametersWithOutTesNGXML" time="3.303" errors="0" timestamp="2020-10-08T22:43:13 PET" skipped="0">
  <testcase classname="pe.edu.galaxy.parameters.ParametersWithOutTesNGXML" name="google_search" time="3.303"/>
  <system-out/>
</testsuite> <!-- pe.edu.galaxy.parameters.ParametersWithOutTesNGXML -->
