<?xml version="1.0" encoding="UTF-8"?>
<!-- Generated by org.testng.reporters.JUnitReportReporter -->
<testsuite hostname="MacBook-Air-de-Luis.local" failures="0" tests="1" name="pe.edu.galaxy.parameters.ParametersWithTestNGXML" time="0.413" errors="0" timestamp="2020-10-09T00:24:34 PET" skipped="0">
  <testcase classname="pe.edu.galaxy.parameters.ParametersWithTestNGXML" name="test_google" time="0.413"/>
  <system-out/>
</testsuite> <!-- pe.edu.galaxy.parameters.ParametersWithTestNGXML -->
