<?xml version="1.0" encoding="UTF-8"?>
<!-- Generated by org.testng.reporters.JUnitReportReporter -->
<testsuite hostname="MacBook-Air-de-Luis.local" failures="0" tests="3" name="pe.edu.galaxy.MultiBrowser" time="22.467" errors="0" timestamp="2020-10-08T02:21:13 PET" skipped="0">
  <testcase classname="pe.edu.galaxy.MultiBrowser" name="google" time="8.553"/>
  <system-out/>
  <testcase classname="pe.edu.galaxy.MultiBrowser" name="google" time="7.077"/>
  <system-out/>
  <testcase classname="pe.edu.galaxy.MultiBrowser" name="google" time="6.837"/>
  <system-out/>
</testsuite> <!-- pe.edu.galaxy.MultiBrowser -->
